
subsys:  [[[1, 2], [3]], [[3], [2, 4]], [[4], [3, 5]], [[5], [4, 6]], [[6], [5, 7]], [[7, 8], [6]]]
number of subsystems: 6
subsys_i:  [1, 2, 3]
_cen:  [1, 2]
_env:  [3]
atomlist_lab:  [1, 2, 3, 4, 5, 6, 7, 8, 0, 0, 0, 0, 0, 37, 38, 39, 40, 41, 42, 43, 44, 45, 46, 47, 48, 49, 50, 51, 52, 53, 0, 0, 0, 0, 0, 0, 0, 0]
cen_intot:  [1, 2, 3, 4, 5, 6, 7, 8, 37, 38, 39, 40, 41, 42, 43, 44, 45, 46, 47, 48, 49, 50, 51, 52, 53]
cen_insub:  [1, 2, 3, 4, 5, 6, 7, 8, 14, 15, 16, 17, 18, 19, 20, 21, 22, 23, 24, 25, 26, 27, 28, 29, 30]
subsys_i:  [2, 3, 4]
_cen:  [3]
_env:  [2, 4]
atomlist_lab:  [0, 0, 0, 0, 9, 10, 11, 12, 0, 0, 0, 0, 0, 0, 0, 0, 0, 0, 0, 0, 0, 0, 0, 54, 55, 56, 57, 58, 59, 60, 61, 0, 0, 0, 0, 0, 0, 0]
cen_intot:  [9, 10, 11, 12, 54, 55, 56, 57, 58, 59, 60, 61]
cen_insub:  [5, 6, 7, 8, 24, 25, 26, 27, 28, 29, 30, 31]
subsys_i:  [3, 4, 5]
_cen:  [4]
_env:  [3, 5]
atomlist_lab:  [0, 0, 0, 0, 13, 14, 15, 16, 0, 0, 0, 0, 0, 0, 0, 36, 0, 0, 0, 0, 0, 0, 0, 0, 62, 63, 64, 65, 66, 67, 68, 0, 0, 0, 0, 0, 0, 0]
cen_intot:  [13, 14, 15, 16, 36, 62, 63, 64, 65, 66, 67, 68]
cen_insub:  [5, 6, 7, 8, 16, 25, 26, 27, 28, 29, 30, 31]
subsys_i:  [4, 5, 6]
_cen:  [5]
_env:  [4, 6]
atomlist_lab:  [0, 0, 0, 0, 17, 18, 19, 20, 0, 0, 0, 0, 0, 0, 35, 0, 0, 0, 0, 0, 0, 0, 0, 69, 70, 71, 72, 73, 74, 75, 0, 0, 0, 0, 0, 0, 0, 0]
cen_intot:  [17, 18, 19, 20, 35, 69, 70, 71, 72, 73, 74, 75]
cen_insub:  [5, 6, 7, 8, 15, 24, 25, 26, 27, 28, 29, 30]
subsys_i:  [5, 6, 7]
_cen:  [6]
_env:  [5, 7]
atomlist_lab:  [0, 0, 0, 0, 21, 22, 23, 24, 0, 0, 0, 0, 0, 0, 0, 0, 0, 0, 0, 0, 0, 0, 0, 76, 77, 78, 79, 80, 81, 82, 83, 0, 0, 0, 0, 0, 0, 0]
cen_intot:  [21, 22, 23, 24, 76, 77, 78, 79, 80, 81, 82, 83]
cen_insub:  [5, 6, 7, 8, 24, 25, 26, 27, 28, 29, 30, 31]
subsys_i:  [6, 7, 8]
_cen:  [7, 8]
_env:  [6]
atomlist_lab:  [0, 0, 0, 0, 25, 26, 27, 28, 29, 30, 31, 32, 0, 33, 34, 0, 0, 0, 0, 0, 0, 0, 0, 84, 85, 86, 87, 88, 89, 90, 91, 92, 93, 94, 95, 96, 97, 98]
cen_intot:  [25, 26, 27, 28, 29, 30, 31, 32, 33, 34, 84, 85, 86, 87, 88, 89, 90, 91, 92, 93, 94, 95, 96, 97, 98]
cen_insub:  [5, 6, 7, 8, 9, 10, 11, 12, 14, 15, 24, 25, 26, 27, 28, 29, 30, 31, 32, 33, 34, 35, 36, 37, 38]
atom_E
 -38.0057168741 -37.968695921 -37.9645519273 -37.9654222757 -37.9653798611 -37.9653264705 -37.9653485087 -37.9653659221 -37.9653784772 -37.9653628239
 -37.9653628684 -37.9653788288 -37.9653789204 -37.9653631124 -37.9653632334 -37.9653789132 -37.9653793067 -37.9653637467 -37.9653637204 -37.9653791503
 -37.9653791499 -37.9653635037 -37.9653633895 -37.9653787708 -37.9653663572 -37.9653492189 -37.9653270726 -37.9653801622 -37.9654227913 -37.9645524114
 -37.9686965775 -38.0057172047 -0.5358142954 -0.5345865126 -0.5345666011 -0.5345666332 -0.5356627459 -0.5358143467 -0.5358143101 -0.5339565011
 -0.5339564969 -0.5345251486 -0.5345251514 -0.5345722119 -0.5345722307 -0.5345866313 -0.5345866485 -0.5345973695 -0.5345973492 -0.5345919829
 -0.5345919844 -0.534572553 -0.5345725422 -0.5345669434 -0.5345669526 -0.5345841965 -0.5345841628 -0.5345841079 -0.5345841074 -0.5345667828
 -0.534566745 -0.5345667008 -0.534566691 -0.5345839777 -0.5345839833 -0.5345840512 -0.5345840172 -0.534566558 -0.534566733 -0.5345663673
 -0.5345837558 -0.5345835881 -0.5345839807 -0.534583535 -0.5345664186 -0.5345667842 -0.5345663557 -0.534583913 -0.5345838029 -0.5345841819
 -0.5345836707 -0.5345666422 -0.5345668343 -0.5345725125 -0.5345720876 -0.5345917654 -0.5345916043 -0.5345973315 -0.5345968538 -0.5345863054
 -0.5345721819 -0.5345717449 -0.5345249246 -0.5345248377 -0.5339564502 -0.5339559727 -0.535662589 -0.535814226
E_GFEA = -1250.2641556471
