
center atom energies:
1 -38.0057168741
2 -37.9686959210
3 -37.9645519273
4 -37.9654222757
5 -37.9653798611
6 -37.9653264705
7 -37.9653485087
8 -37.9653659221
37 -0.5356627459
38 -0.5358143467
39 -0.5358143101
40 -0.5339565011
41 -0.5339564969
42 -0.5345251486
43 -0.5345251514
44 -0.5345722119
45 -0.5345722307
46 -0.5345866313
47 -0.5345866485
48 -0.5345973695
49 -0.5345973492
50 -0.5345919829
51 -0.5345919844
52 -0.5345725530
53 -0.5345725422
center atom energies:
25 -37.9653663572
26 -37.9653492189
27 -37.9653270726
28 -37.9653801622
29 -37.9654227913
30 -37.9645524114
31 -37.9686965775
32 -38.0057172047
33 -0.5358142954
34 -0.5345865126
84 -0.5345725125
85 -0.5345720876
86 -0.5345917654
87 -0.5345916043
88 -0.5345973315
89 -0.5345968538
90 -0.5345863054
91 -0.5345721819
92 -0.5345717449
93 -0.5345249246
94 -0.5345248377
95 -0.5339564502
96 -0.5339559727
97 -0.5356625890
98 -0.5358142260
center atom energies:
13 -37.9653789204
14 -37.9653631124
15 -37.9653632334
16 -37.9653789132
36 -0.5345666332
62 -0.5345667008
63 -0.5345666910
64 -0.5345839777
65 -0.5345839833
66 -0.5345840512
67 -0.5345840172
68 -0.5345665580
center atom energies:
17 -37.9653793067
18 -37.9653637467
19 -37.9653637204
20 -37.9653791503
35 -0.5345666011
69 -0.5345667330
70 -0.5345663673
71 -0.5345837558
72 -0.5345835881
73 -0.5345839807
74 -0.5345835350
75 -0.5345664186
center atom energies:
9 -37.9653784772
10 -37.9653628239
11 -37.9653628684
12 -37.9653788288
54 -0.5345669434
55 -0.5345669526
56 -0.5345841965
57 -0.5345841628
58 -0.5345841079
59 -0.5345841074
60 -0.5345667828
61 -0.5345667450
center atom energies:
21 -37.9653791499
22 -37.9653635037
23 -37.9653633895
24 -37.9653787708
76 -0.5345667842
77 -0.5345663557
78 -0.5345839130
79 -0.5345838029
80 -0.5345841819
81 -0.5345836707
82 -0.5345666422
83 -0.5345668343
