
method,basis: :  ["hf", "6-31gs"]
atom_kinE=
 37.93138329801269 37.87776127589252 37.89286101257005 37.89128033026574 37.89147553027786 37.891523955421725 37.89152320589722 37.89147114035042 37.89127282181609 37.89284775192296
 37.877745174348675 37.93135228155015 0.586112814265473 0.5861064095025141 0.5846763215245107 0.5846800535299098 0.5846797660046302 0.5914949975415515 0.5914952865552046 0.5903466584802171
 0.5903465571722262 0.5901334357164649 0.5901334212654058 0.5902612786472463 0.5902613801811615 0.5902609648147318 0.5902612498797767 0.5902611488844425 0.5902611897777651 0.5902605802902572
 0.5902612589017867 0.5901328757881008 0.5901330655171908 0.5903464486601919 0.5903461581855189 0.5914953356007734 0.5914952129433189 0.5846765634630421
atom_1enuc=
 -155.315048280694 -166.7003784313708 -174.1022421071544 -178.15692292590606 -180.56907273750565 -181.6489304059226 -181.64888678258802 -180.56894179034083 -178.1566973009783 -174.101931117814
 -166.70000887810556 -155.3144645343192 -11.237912831850558 -11.237775098174707 -11.968981994277954 -11.969005085427264 -11.969005933708806 -13.348447165848341 -13.348449450089332 -14.386744971045662
 -14.386743042558587 -14.932489026720983 -14.932491984178217 -15.28554371876928 -15.285545323442351 -15.438208539081073 -15.438214465806093 -15.438208398637569 -15.438205615476278 -15.285525470946132
 -15.285530501395826 -14.932462899952608 -14.932466315842913 -14.386717171205968 -14.386720748227933 -13.348431983462627 -13.348428297515696 -11.968989191919588
atom_e1=
 -117.3836649826813 -128.8226171554783 -136.20938109458436 -140.26564259564032 -142.6775972072278 -143.7574064505009 -143.7573635766908 -142.67747064999043 -140.26542447916222 -136.20908336589105
 -128.8222637037569 -117.38311225276905 -10.651800017585085 -10.651668688672192 -11.384305672753444 -11.384325031897355 -11.384326167704176 -12.756952168306789 -12.756954163534127 -13.796398312565445
 -13.79639648538636 -14.342355591004518 -14.34235856291281 -14.695282440122034 -14.69528394326119 -14.84794757426634 -14.847953215926315 -14.847947249753126 -14.847944425698513 -14.695264890655874
 -14.695269242494039 -14.342330024164507 -14.342333250325721 -13.796370722545776 -13.796374590042415 -12.756936647861853 -12.756933084572378 -11.384312628456547
atom_enucnuc=
 31.980047346978473 38.034091459845314 41.65001517904865 43.62875609015175 44.805416433756115 45.33278572249752 45.332765851373466 44.805356510607886 43.62865579068573 41.64987489553323
 38.03392570458121 31.979777045897578 5.529757883592948 5.5296992306041055 5.890015119763501 5.890032097288594 5.890031769938718 6.6284702808556775 6.628472429471734 7.190712543387992
 7.190711291184222 7.489051249174834 7.489052196007544 7.679452112781465 7.679453831841517 7.762092693834188 7.762095767996662 7.762092902169796 7.762091754550798 7.679441030356259
 7.6794460031621945 7.4890358653439675 7.489038248136268 7.1906937819941765 7.19069359828484 6.628455717186436 6.628452520663995 5.89001920637757
time for E1, E_nuc: 0.13522

Atom_ej=
 52.7625312867585 58.138544898901785 61.91380857050268 63.99102198772391 65.22648976260957 65.77896200539087 65.7789387610223 65.22642186124564 63.99090182863676 61.9136474600614
 58.13835373753634 52.76224049213086 4.885787574072129 4.885711825932928 5.258873040480087 5.25887598777352 5.258877369886857 5.895944459430343 5.895944391173211 6.3725224644852645
 6.3725218596580016 6.619947042889564 6.619949083121254 6.782523479334538 6.78252327508335 6.852538325799786 6.852541008705169 6.852537896867954 6.852536224258982 6.782516890609799
 6.782516467072259 6.619936859446844 6.619937763394047 6.372513870595539 6.372517864197919 5.895943994342085 5.895943608612671 5.258875985560051
Atom_ek=
 -5.364081486247946 -5.318469337717987 -5.319099689832197 -5.3196692900726426 -5.319687466341152 -5.319704101263948 -5.319703904110456 -5.319686550618046 -5.3196676244270185 -5.319096756233495
 -5.318464987540142 -5.364074235951585 -0.30001849782215695 -0.300016423785918 -0.3001007277411923 -0.30010212720349994 -0.3001020678970499 -0.30148152849867654 -0.30148159001712493 -0.30131493042687507
 -0.3013149008983348 -0.3011867240442977 -0.3011867283459768 -0.30126009541690413 -0.3012601163130889 -0.30126764183897314 -0.3012677235819572 -0.3012676571361903 -0.3012676605117075 -0.3012598131564694
 -0.3012599727268044 -0.30118641449775047 -0.3011864613499716 -0.3013147652141745 -0.3013147326326978 -0.3014815740711485 -0.3014815690042068 -0.3001007882247082
time for Ej, Ek: 0.85187

tot Energy = -469.5724905473
SCF Energy = -469.5724905462
Err of totE =   -0.0000000012
OK
C 1   -38.0051678352
C 2   -37.9684501344
C 3   -37.9646570349
C 4   -37.9655338078
C 5   -37.9653784772
C 6   -37.9653628239
C 7   -37.9653628684
C 8   -37.9653788288
C 9   -37.9655344843
C 10   -37.9646577665
C 11   -37.9684492492
C 12   -38.0051689507
H 13    -0.5362730577
H 14    -0.5362740559
H 15    -0.5355182403
H 16    -0.5355190740
H 17    -0.5355190958
H 18    -0.5340189565
H 19    -0.5340189329
H 20    -0.5344782351
H 21    -0.5344782354
H 22    -0.5345440230
H 23    -0.5345440121
H 24    -0.5345669434
H 25    -0.5345669526
H 26    -0.5345841965
H 27    -0.5345841628
H 28    -0.5345841079
H 29    -0.5345841074
H 30    -0.5345667828
H 31    -0.5345667450
H 32    -0.5345437139
H 33    -0.5345437001
H 34    -0.5344778352
H 35    -0.5344778602
H 36    -0.5340185104
H 37    -0.5340185243
H 38    -0.5355182247
