
method,basis: :  ["hf", "6-31gs"]
atom_kinE=
 37.92210712173299 37.878798821353165 37.893379880981385 37.8917446320093 37.891410876776455 37.89157742425881 37.891539865224345 37.89148223553613 37.891277127881374 37.89284946208772
 37.87774634235002 37.93135374588698 0.586109966658813 0.5827241407167556 0.584129521746142 0.5841299480789184 0.5912471740610665 0.5912473113085108 0.5903531442486782 0.5903531437119084
 0.590256122693869 0.5902559083937435 0.5902746915346992 0.5902743926593826 0.5902883901205924 0.5902886736384171 0.5902691266660614 0.5902690269245481 0.5902695357530761 0.5902695210322579
 0.590136046454565 0.5901361467143499 0.5903495244122184 0.5903498094804059 0.5914969918500799 0.5914970465475993 0.5846779052464867 0.584678594192879
atom_1enuc=
 -155.3224474304951 -166.6900670473686 -174.08962610099448 -178.15248002066207 -180.56303214195242 -181.64606802690304 -181.64688305496512 -180.56750800237518 -178.15556585257025 -174.10102055522788
 -166.69926233742166 -155.31381214756192 -11.237735202761389 -11.251542959407372 -11.908699700768015 -11.908701323544484 -13.341816486045776 -13.341816465164133 -14.385204658683742 -14.385203703457442
 -14.933642234972568 -14.933643091074847 -15.285146470113798 -15.28514654527081 -15.438297482022453 -15.43829967663617 -15.438066147793277 -15.438064122678066 -15.285476344875839 -15.285479041241514
 -14.93235699567961 -14.932358245894642 -14.386643722333478 -14.386648443894702 -13.34835319677735 -13.348351204703155 -11.968909874547961 -11.968912956959365
atom_e1=
 -117.4003403087621 -128.81126822601541 -136.1962462200131 -140.26073538865276 -142.67162126517596 -143.75449060264424 -143.75534318974076 -142.67602576683905 -140.26428872468887 -136.20817109314015
 -128.82151599507165 -117.38245840167494 -10.651625236102575 -10.668818818690616 -11.324570179021872 -11.324571375465567 -12.750569311984709 -12.750569153855622 -13.794851514435063 -13.794850559745534
 -14.343386112278699 -14.343387182681104 -14.694871778579099 -14.694872152611428 -14.84800909190186 -14.848011002997753 -14.847797021127215 -14.847795095753519 -14.695206809122762 -14.695209520209255
 -14.342220949225045 -14.342222099180292 -13.79629419792126 -13.796298634414295 -12.756856204927269 -12.756854158155555 -11.384231969301474 -11.384234362766486
atom_enucnuc=
 31.993338645013615 38.03238345298822 41.64479900460502 43.62499123384899 44.802826950343956 45.33127962816392 45.33171623781806 44.80461101023289 43.62806747258158 41.649401937650325
 38.03353742404873 31.979439564463775 5.5296520883134725 5.519757988612252 5.861435832134184 5.861437608633562 6.629047781159305 6.6290484750542715 7.189185130164271 7.189184810882824
 7.488440804334753 7.4884402564628765 7.679036706593465 7.679035792440007 7.761856169522358 7.7618584489462155 7.761917783039372 7.761916411786474 7.6793240439203245 7.679324829733442
 7.488940136879283 7.488941660192605 7.1906158561196305 7.19061828149337 6.62839510535049 6.6283943047878555 5.889958310159391 5.889961709099339
time for E1, E_nuc: 0.10779

Atom_ej=
 52.7636850287783 58.12875144826934 61.90600557884699 63.99008661603985 65.22306959732127 65.77758746267789 65.77798198671144 65.22573385640806 63.99036103116368 61.913212991358144
 58.13799791665777 52.76192906523033 4.885715919680666 4.912423709968764 5.227175627490797 5.227175183047333 5.888838473263185 5.8888376514217695 6.372486147999711 6.372485507232313
 6.621644267662813 6.621645827486621 6.782522482059072 6.78252368286029 6.852842781329958 6.852842494242561 6.852561218501059 6.852560635037072 6.782576325733039 6.782578266017881
 6.619922167692895 6.619921805280214 6.3725147502978725 6.372516877342738 5.895923280441753 5.895922045354814 5.258855618692277 5.258854816740325
Atom_ek=
 -5.362400239088435 -5.318562596232718 -5.31911029077965 -5.319764736892812 -5.31965514358574 -5.3197029586813205 -5.319703543487028 -5.3196850218661815 -5.319666663568226 -5.319095553579363
 -5.318464260167252 -5.364073658530586 -0.3000186068661136 -0.2990256257713525 -0.29985562734483484 -0.2998557262720304 -0.3012734435254401 -0.30127346951201384 -0.3013449123344696 -0.30134490977690787
 -0.30127117165763007 -0.30127113192638183 -0.3012740413959626 -0.3012739711852018 -0.3012872284532478 -0.30128728938466326 -0.3012739632862527 -0.301273935476852 -0.30126611352627564 -0.30126611776946144
 -0.3011888430816306 -0.30118886316059684 -0.3013171863336518 -0.301317267402892 -0.3014827693028127 -0.30148277965072057 -0.3001019613534137 -0.3001021149704677
time for Ej, Ek: 0.84957

tot Energy = -469.5731043821
SCF Energy = -469.5731043810
Err of totE =   -0.0000000011
OK
C 1   -38.0057168741
C 2   -37.9686959210
C 3   -37.9645519273
C 4   -37.9654222757
C 5   -37.9653798611
C 6   -37.9653264705
C 7   -37.9653485087
C 8   -37.9653659221
C 9   -37.9655268845
C 10   -37.9646517177
C 11   -37.9684449145
C 12   -38.0051634305
H 13    -0.5362758350
H 14    -0.5356627459
H 15    -0.5358143467
H 16    -0.5358143101
H 17    -0.5339565011
H 18    -0.5339564969
H 19    -0.5345251486
H 20    -0.5345251514
H 21    -0.5345722119
H 22    -0.5345722307
H 23    -0.5345866313
H 24    -0.5345866485
H 25    -0.5345973695
H 26    -0.5345973492
H 27    -0.5345919829
H 28    -0.5345919844
H 29    -0.5345725530
H 30    -0.5345725422
H 31    -0.5345474877
H 32    -0.5345474969
H 33    -0.5344807778
H 34    -0.5344807430
H 35    -0.5340205884
H 36    -0.5340205877
H 37    -0.5355200018
H 38    -0.5355199519
