
method,basis: :  ["hf", "6-31gs"]
atom_kinE=
 37.931353083907766 37.87774603468088 37.892846747358675 37.891274593430836 37.89147302896598 37.89152880985543 37.891527312464994 37.89147584681874 37.89127883567334 37.89285631507319
 37.877754443036544 37.931354378474 0.5861066388761991 0.5861070638602066 0.5902600586564268 0.5901325209439348 0.5846765601037911 0.5846767369722268 0.591495701152289 0.5914953418126174
 0.5903460664622893 0.5903458595289156 0.5901328872437172 0.5902598820136771 0.5902604584887357 0.5902604351701791 0.5902604072180014 0.5902599195657843 0.5902602541129466 0.5902598656692764
 0.590131754731915 0.5901322892623097 0.5903456317690364 0.5903453485854883 0.5914941413658987 0.5914951048774337 0.5846757658482085 0.5846756511298021
atom_1enuc=
 -155.31444766086557 -166.70006359201278 -174.10192442393588 -178.15679062124065 -180.56900820234478 -181.64904868830334 -181.64901746216447 -180.56914429048095 -178.15693005343334 -174.1021901056225
 -166.70028107979553 -155.31466815446444 -11.237780680856883 -11.23781155823284 -15.285559553793483 -14.93248245844248 -11.96897520102443 -11.96897414874015 -13.348444123344306 -13.3484453143581
 -14.386706390186987 -14.386712434884846 -14.932469957182018 -15.285547654181373 -15.285492316814647 -15.438227126682909 -15.438210723195416 -15.438231007692604 -15.438174033372816 -15.285521138519092
 -14.932482942035385 -14.932470695956486 -14.386770038110418 -14.38670296660242 -13.348466407656629 -13.348419564714252 -11.968981164088738 -11.969010616410785
atom_e1=
 -117.3830945769578 -128.8223175573319 -136.2090776765772 -140.2655160278098 -142.6775351733788 -143.7575198784479 -143.75749014969946 -142.6776684436622 -140.26565121776 -136.2093337905493
 -128.822526636759 -117.38331377599044 -10.651674041980684 -10.651704494372634 -14.695299495137057 -14.342349937498547 -11.384298640920639 -11.384297411767923 -12.756948422192018 -12.756949972545483
 -13.796360323724699 -13.79636657535593 -14.342337069938301 -14.695287772167696 -14.695231858325911 -14.84796669151273 -14.847950315977414 -14.847971088126819 -14.84791377925987 -14.695261272849816
 -14.34235118730347 -14.342338406694177 -13.796424406341382 -13.796357618016932 -12.75697226629073 -12.756924459836819 -11.38430539824053 -11.384334965280983
atom_enucnuc=
 31.97976906381258 38.033951122072025 41.649872875697 43.62870213129741 44.805392877866296 45.33285125900774 45.3328356952364 44.80545823304548 43.62877169555389 41.65000347106752
 38.034060517443876 31.97987845620986 5.529701878218365 5.529718080784322 7.679458895056616 7.4890458271357705 5.890011722863537 5.890011601476381 6.62846300398992 6.6284622303580285
 7.190687888756356 7.190689918835673 7.489041636393768 7.679451516818605 7.679423719998644 7.762101996122569 7.7620948192041785 7.762103157005477 7.7620746560284335 7.679438949441155
 7.489044990720001 7.489040371045256 7.190722707568747 7.190685063580788 6.628472139892264 6.628449441247402 5.890013891007185 5.890029848279508
time for E1, E_nuc: 0.12096

Atom_ej=
 52.76223088645908 58.138382377618285 61.91364344125766 63.99094740992912 65.22645019868212 65.77901037851672 65.77899594502334 65.22651887040259 63.99101389039629 61.913770939650476
 58.13848374735399 52.762341069499584 4.8857146723772615 4.885729069930571 6.78253356597078 6.619946766952815 5.258869469132511 5.258868408899261 5.89594863450133 5.895950872105592
 6.372509217369023 6.372513414335021 6.619938191689796 6.782529112761359 6.782501321420328 6.852548214297638 6.85253904965767 6.85255118066034 6.852522648369706 6.782515291304805
 6.619948566070438 6.619940741353716 6.372538444294513 6.3725092623983155 5.8959628499736745 5.895938215701311 5.258873833095739 5.258887333624045
Atom_ek=
 -5.364074480764424 -5.318465216430606 -5.319096610846805 -5.319668049838699 -5.319687209865091 -5.319705505771982 -5.319705210963592 -5.319687810088476 -5.319669246264965 -5.319098942309811
 -5.318467386092878 -5.364074722541485 -0.3000164712832164 -0.3000166662022596 -0.3012595670357737 -0.30118627019172606 -0.3001007947504634 -0.3001008362766039 -0.301481648985596 -0.3014815628604348
 -0.3013146778447522 -0.3013146130954395 -0.3011863032966743 -0.3012595904329748 -0.301259550440778 -0.30126727466610387 -0.301267141010558 -0.3012672302715884 -0.30126706018753885 -0.3012593865155973
 -0.3011860896041043 -0.3011859935686331 -0.3013143948055049 -0.30131430985846597 -0.30148121348032775 -0.3014812412343386 -0.30010052990662184 -0.30010057529172285
time for Ej, Ek: 0.85040

tot Energy = -469.5724893083
SCF Energy = -469.5724893071
Err of totE =   -0.0000000011
OK
C 1   -38.0051691075
C 2   -37.9684492741
C 3   -37.9646579705
C 4   -37.9655345364
C 5   -37.9653793067
C 6   -37.9653637467
C 7   -37.9653637204
C 8   -37.9653791503
C 9   -37.9655348781
C 10   -37.9646583221
C 11   -37.9684497581
C 12   -38.0051689728
H 13    -0.5362739627
H 14    -0.5362740099
H 15    -0.5345666011
H 16    -0.5345436136
H 17    -0.5355182437
H 18    -0.5355182377
H 19    -0.5340184327
H 20    -0.5340184329
H 21    -0.5344778954
H 22    -0.5344778553
H 23    -0.5345435452
H 24    -0.5345667330
H 25    -0.5345663673
H 26    -0.5345837558
H 27    -0.5345835881
H 28    -0.5345839807
H 29    -0.5345835350
H 30    -0.5345664186
H 31    -0.5345437201
H 32    -0.5345432879
H 33    -0.5344776493
H 34    -0.5344776019
H 35    -0.5340184899
H 36    -0.5340180441
H 37    -0.5355182040
H 38    -0.5355183587
