
method,basis: :  ["hf", "6-31gs"]
atom_kinE=
 37.93135562719439 37.87774654820898 37.892848002669794 37.891272355888056 37.891471561191494 37.891522881810715 37.891521895643436 37.89147337180309 37.89127426107891 37.892853619366704
 37.87775025278889 37.93135088444569 0.5861072640536829 0.5861061696438946 0.5846757508665049 0.5902605116949263 0.5846768577216457 0.5846769756534621 0.5914954477758225 0.5914957308453612
 0.5903464593875514 0.5903464983051011 0.5901325291605984 0.5901332026509227 0.5902608219278834 0.5902610184287275 0.5902610032519467 0.5902606705025587 0.5902606255837616 0.5902604272058822
 0.5902608640047496 0.5901318762456582 0.5901324555354001 0.5903457691452108 0.590345897592094 0.5914946066032634 0.5914949565198678 0.5846755246344703
atom_1enuc=
 -155.31446544280564 -166.70000815452548 -174.1018984683202 -178.15667365362597 -180.5688988181638 -181.64885367306923 -181.64882151863642 -180.5689864860948 -178.15673593832284 -174.10205734199354
 -166.70011453551794 -155.31451316241976 -11.237790939924539 -11.237780450573224 -11.968995964499648 -15.28553872887093 -11.968974576112016 -11.968976107782936 -13.348428757946866 -13.34843439284094
 -14.386714011663107 -14.38671197629107 -14.932458610462497 -14.932463560877823 -15.28551757495642 -15.285519717074632 -15.438199123066642 -15.438202054014113 -15.438185592688848 -15.438187750656112
 -15.285526372688112 -14.932466151245787 -14.932443567517783 -14.386768604050499 -14.386691641303416 -13.348448076070563 -13.348402042791584 -11.9689686963397
atom_e1=
 -117.38310981561125 -128.8222616063165 -136.20905046565042 -140.26540129773792 -142.6774272569723 -143.7573307912585 -143.757299622993 -142.67751311429168 -140.26546167724393 -136.20920372262685
 -128.82236428272904 -117.38316227797407 -10.651683675870856 -10.65167428092933 -11.384320213633142 -14.695278217176003 -11.384297718390371 -11.384299132129474 -12.756933310171044 -12.756938661995578
 -13.796367552275555 -13.796365477985969 -14.342326081301898 -14.3423303582269 -14.695256753028538 -14.695258698645905 -14.847938119814696 -14.847941383511554 -14.847924967105087 -14.84792732345023
 -14.695265508683363 -14.342334275000129 -14.342311111982383 -13.796422834905288 -13.796345743711322 -12.7569534694673 -12.756907086271715 -11.384293171705231
atom_enucnuc=
 31.979776375236387 38.033922150000535 41.64985820124086 43.62864380724876 44.805336533082446 45.33275058986504 45.33273627971367 44.80537944417294 43.62867782962689 41.64994141384732
 38.03398233339338 31.97980340083678 5.529706053504309 5.5297034594179335 5.890022265426792 7.679448904152911 5.890012173866539 5.890013589600405 6.628454279090002 6.628457278129558
 7.190691423584431 7.190690638884071 7.489033007298328 7.489037948271278 7.679438516595935 7.6794401131868 7.762090083884987 7.762089840469897 7.762082510817612 7.762082295992078
 7.6794448968275715 7.4890351381031515 7.489024988681859 7.190719756348379 7.190678332947622 6.628461396767255 6.628438213172925 5.890006369494802
time for E1, E_nuc: 0.11846

Atom_ej=
 52.762239500636184 58.13835555827051 61.91363132863913 63.990890498919285 65.22639847230289 65.77892102357207 65.77890386069723 65.22644184295464 63.9909170797678 61.91370215339013
 58.138398518507046 52.76226369655788 4.885720425095839 4.885713082028776 5.258880273501479 6.78252239501284 5.258868107947561 5.258868126265195 5.895942114617709 5.895944582417355
 6.372513062385349 6.372511775700548 6.619935678511304 6.6199352092514285 6.7825113595766915 6.782511772077139 6.852531567597772 6.852534999610491 6.8525258291728335 6.852528377897956
 6.782513789372997 6.619941570834502 6.6199288779421614 6.3725399734338275 6.372504399773728 5.895955028620871 5.895932083188405 5.258869147037521
Atom_ek=
 -5.364074993799665 -5.318465364392148 -5.319096814449748 -5.319667550827189 -5.319686668848266 -5.31970393457352 -5.319703750782436 -5.319687086063453 -5.319668188309504 -5.319098293219957
 -5.3184663905153 -5.36407399129192 -0.30001668021597827 -0.30001632357045116 -0.3001005329766321 -0.3012597152286149 -0.3001009274216664 -0.3001009520272282 -0.30148162777293286 -0.301481706621418
 -0.3013148147981567 -0.3013148168934674 -0.30118632360310377 -0.3011864794913836 -0.3012598239900164 -0.3012598775872628 -0.30126750934247354 -0.30126743986133936 -0.30126742411493024 -0.30126736768004325
 -0.30125973551364904 -0.3011861398879335 -0.3011860936316788 -0.3013144471558041 -0.30131443664075946 -0.30148133555528456 -0.3014812131773833 -0.30010040801792076
time for Ej, Ek: 0.84894

tot Energy = -469.5724892628
SCF Energy = -469.5724892616
Err of totE =   -0.0000000011
OK
C 1   -38.0051689335
C 2   -37.9684492624
C 3   -37.9646577502
C 4   -37.9655345424
C 5   -37.9653789204
C 6   -37.9653631124
C 7   -37.9653632334
C 8   -37.9653789132
C 9   -37.9655349562
C 10   -37.9646584486
C 11   -37.9684498213
C 12   -38.0051691719
H 13    -0.5362738775
H 14    -0.5362740631
H 15    -0.5355182077
H 16    -0.5345666332
H 17    -0.5355183640
H 18    -0.5355183683
H 19    -0.5340185442
H 20    -0.5340185081
H 21    -0.5344778811
H 22    -0.5344778803
H 23    -0.5345437191
H 24    -0.5345436802
H 25    -0.5345667008
H 26    -0.5345666910
H 27    -0.5345839777
H 28    -0.5345839833
H 29    -0.5345840512
H 30    -0.5345840172
H 31    -0.5345665580
H 32    -0.5345437060
H 33    -0.5345433390
H 34    -0.5344775523
H 35    -0.5344774476
H 36    -0.5340183796
H 37    -0.5340180031
H 38    -0.5355180632
