
method,basis: :  ["hf", "6-31gs"]
atom_kinE=
 37.93135415954568 37.877754286305354 37.89285787288837 37.89128402326377 37.89149010107485 37.89154761363457 37.891582641041204 37.89141627919036 37.89175025165471 37.89338545595174
 37.87880256197516 37.92210591547002 0.586109859751521 0.5841289454239895 0.5902735483384198 0.5846771926220925 0.5846777652254831 0.5914963380798864 0.5914959224381245 0.5903482660096292
 0.5903489996886084 0.5901349082249022 0.5901348126166134 0.5902680862796492 0.5902687085102464 0.5902678449277056 0.5902680794391725 0.5902870093468876 0.5902877435229746 0.5902738883869274
 0.5902548777466243 0.5902552701235687 0.5903521917864987 0.5903523860467523 0.5912459846078052 0.5912463984247096 0.5827240666659109 0.5841286601815477
atom_1enuc=
 -155.31404118689758 -166.69959817095426 -174.101369341646 -178.1559364461724 -180.5678831489811 -181.64725425340043 -181.64639591425558 -180.5633314855594 -178.1527754601615 -174.08987526688935
 -166.69029746059647 -155.32258846570485 -11.237759850126492 -11.90873002843007 -15.285191397736947 -11.968981613701198 -11.968889177092843 -13.348323439240408 -13.348431306045795 -14.386702692252666
 -14.386645658251924 -14.93236990253762 -14.932402997775773 -15.285530130485993 -15.285484484696575 -15.438099383718155 -15.4380915905069 -15.438351664590295 -15.43829349170405 -15.28515246874213
 -14.933675776867757 -14.933657853409477 -14.385260680104857 -14.385189195779859 -13.341859788016182 -13.341804583286274 -11.251559071586403 -11.908671680028831
atom_e1=
 -117.3826870273519 -128.8218438846489 -136.20851146875765 -140.26465242290863 -142.67639304790626 -143.75570663976586 -143.75481327321438 -142.67191520636902 -140.2610252085068 -136.1964898109376
 -128.8114948986213 -117.40048255023484 -10.651649990374972 -11.32460108300608 -14.694917849398527 -11.384304421079106 -11.384211411867359 -12.756827101160521 -12.75693538360767 -13.796354426243036
 -13.796296658563316 -14.342234994312717 -14.34226818515916 -14.695262044206345 -14.695215776186329 -14.84783153879045 -14.847823511067729 -14.848064655243407 -14.848005748181075 -14.694878580355201
 -14.343420899121133 -14.343402583285908 -13.794908488318358 -13.794836809733106 -12.750613803408376 -12.750558184861564 -10.668835004920492 -11.324543019847283
atom_enucnuc=
 31.979553280820134 38.033706265442035 41.64957473121291 43.62825143051832 44.804797641174005 45.33190324028918 45.331443484573214 44.80297702193779 43.62513831837289 41.64492680197005
 38.0325018558333 31.993411162372453 5.5296658309975 5.861451277227442 7.6790576584670545 5.889995578913612 5.889946647397654 6.628378616954956 6.628435930362744 7.1906451393959046
 7.190619101185974 7.488946677224822 7.488962170924609 7.679349284884381 7.67932726138363 7.761933293610535 7.761931781723383 7.761882570975203 7.761854623389491 7.679039501875863
 7.488454479616927 7.4884479601942555 7.189214167642623 7.1891756793946175 6.629069033366831 6.6290405460682935 5.519766480477337 5.861420317513417
time for E1, E_nuc: 0.11954

Atom_ej=
 52.76204407331909 58.13815844761966 61.91338223329858 63.99054226573289 65.2259161314315 65.77815979785365 65.77774720059234 65.22321454336156 63.99023042726989 61.90612226132344
 58.12886018276059 52.76375432702534 4.885726837501656 5.227190934357131 6.782547344770743 5.2588906435935785 5.258846746431347 5.89591050750127 5.895961481232538 6.372545342862433
 6.37251399135121 6.6199294364618515 6.619947065997709 6.782605931273375 6.782582043646041 6.852579951834511 6.85257353165355 6.8528715548596075 6.852840994845917 6.782526381665581
 6.621665077393258 6.621653542516789 6.3725139037790886 6.37248081514586 5.888861388114628 5.888834593163191 4.912431457746506 5.22716373666937
Atom_ek=
 -5.364073783003411 -5.318466320174094 -5.3190977139900495 -5.31966845833339 -5.319687081907157 -5.319705617286751 -5.319704484575633 -5.319656521176292 -5.319766328437279 -5.319111663729145
 -5.318563717426227 -5.36240014382532 -0.3000186214620783 -0.29985542395702436 -0.3012736664149497 -0.30010177602276555 -0.3001018084317377 -0.30148245205228963 -0.3014822802200461 -0.3013168388127355
 -0.3013166671892245 -0.3011883163500215 -0.3011884234983462 -0.30126568444723256 -0.3012656164179211 -0.30127347208226785 -0.3012734065886396 -0.3012868020622871 -0.30128672390377265 -0.3012736086037453
 -0.30127083976691227 -0.3012706643625277 -0.301344507735264 -0.3013445225487482 -0.3012730682590913 -0.301272927033128 -0.2990255223037831 -0.2998552603376098
time for Ej, Ek: 0.85035

tot Energy = -469.5731043526
SCF Energy = -469.5731043514
Err of totE =   -0.0000000012
OK
C 1   -38.0051634562
C 2   -37.9684454918
C 3   -37.9646522182
C 4   -37.9655271850
C 5   -37.9653663572
C 6   -37.9653492189
C 7   -37.9653270726
C 8   -37.9653801622
C 9   -37.9654227913
C 10   -37.9645524114
C 11   -37.9686965775
C 12   -38.0057172047
H 13    -0.5362759433
H 14    -0.5358142954
H 15    -0.5345865126
H 16    -0.5355199746
H 17    -0.5355198265
H 18    -0.5340204288
H 19    -0.5340202522
H 20    -0.5344807828
H 21    -0.5344802332
H 22    -0.5345471970
H 23    -0.5345473717
H 24    -0.5345725125
H 25    -0.5345720876
H 26    -0.5345917654
H 27    -0.5345916043
H 28    -0.5345973315
H 29    -0.5345968538
H 30    -0.5345863054
H 31    -0.5345721819
H 32    -0.5345717449
H 33    -0.5345249246
H 34    -0.5345248377
H 35    -0.5339564502
H 36    -0.5339559727
H 37    -0.5356625890
H 38    -0.5358142260
