
method,basis: :  ["hf", "6-311gss"]
atom_kinE=
 37.726832248783474 37.755746003201075 37.77099673696027 37.76579224116254 37.7656271427951 37.76562830034737 37.765629153766405 37.76563214101922 37.76580330360736 37.771013012423914
 37.755759708513686 37.72685829593761 0.6338622966647186 0.6338675620260075 0.6297607613008263 0.6339707564367562 0.6297567297129048 0.6297558685285451 0.6368578267894085 0.6368581664148496
 0.6347444613779228 0.6347441331358823 0.6339703670012778 0.6338693449691183 0.6338696034852253 0.6338283541993838 0.6338275768995021 0.6338274022108201 0.6338281333970227 0.6338694107128849
 0.6338694315823549 0.6339707430385988 0.6339709621989358 0.6347443526590674 0.6347447312305661 0.6368572370242477 0.6368574333720218 0.6297613831798887
atom_1enuc=
 -153.39873511520437 -165.71682635491257 -172.95215391613783 -176.90796601848442 -179.29293123998278 -180.3631263567796 -180.36317241374772 -179.2931249197201 -176.9082769514563 -172.95259237034955
 -165.71722846457442 -153.3993727713519 -11.767525217096921 -11.767675174882767 -12.50977949559738 -15.546380855980107 -12.50977299034477 -12.509647612546845 -13.916679748161886 -13.91679934789626
 -14.983630891755787 -14.983560877533401 -15.546342007002874 -15.909271056088151 -15.909215258501229 -16.06711800828684 -16.0671022370904 -16.067144245593465 -16.06707664244033 -15.909239773446746
 -15.909285518084317 -15.546401967541895 -15.546379644111191 -14.98366914572622 -14.983599159436515 -13.916779036406064 -13.916716765143406 -12.509754083584946
atom_e1=
 -115.67190286642091 -127.9610803517115 -135.18115717917755 -139.1421737773219 -141.52730409718768 -142.59749805643222 -142.5975432599813 -141.5274927787009 -139.14247364784893 -135.18157935792564
 -127.96146875606073 -115.67251447541429 -11.133662920432203 -11.13380761285676 -11.880018734296554 -14.91241009954335 -11.880016260631866 -11.8798917440183 -13.279821921372477 -13.27994118148141
 -14.348886430377865 -14.348816744397519 -14.912371640001597 -15.275401711119033 -15.275345655016004 -15.433289654087456 -15.433274660190897 -15.433316843382645 -15.433248509043308 -15.275370362733861
 -15.275416086501963 -14.912431224503296 -14.912408681912256 -14.348924793067152 -14.34885442820595 -13.279921799381816 -13.279859331771384 -11.879992700405058
atom_enucnuc=
 31.97982733571766 38.034056188806844 41.64998712423787 43.62880058627614 44.80551682883633 45.33295410037522 45.33297551992481 44.80560543878521 43.62894340845633 41.65018969473923
 38.034239267818734 31.980141792756335 5.529709092877778 5.5297687430242215 5.89005001662756 7.48905743122004 5.890038975192421 5.889986873865412 6.628438850879668 6.628498653268872
 7.190716047377386 7.190686636862695 7.4890403235317065 7.679467546354532 7.679445518345427 7.762111804437586 7.762107104000022 7.762122853929524 7.762095635916268 7.6794578786149845
 7.679477568395425 7.489067754928106 7.489064066953858 7.190744116624918 7.190710311745361 6.628490511203026 6.628466437544257 5.890034626118637
time for E1, E_nuc: 0.29199

Atom_ej=
 50.9568955624174 57.21793025603694 60.8300757752779 62.80936858373673 64.017638462238 64.56036788843583 64.56039201094413 64.01774003137865 62.80952867604027 60.83029985954089
 57.218138347687635 50.95719899617285 5.394497800759595 5.394584984837722 5.780085434450957 7.21541318386876 5.780093104311701 5.780020156743885 6.445240893045062 6.445300616776413
 6.950830504694274 6.950790175922596 7.215391791421444 7.387904498822534 7.387870803359704 7.463115014828411 7.463104491692188 7.463130676885475 7.46309006333469 7.387882897303296
 7.387908898601603 7.2154238203378505 7.215405174700773 6.950840551570087 6.950804205520355 6.445288623482712 6.445250360623808 5.780075125224177
Atom_ek=
 -5.262381145079134 -5.272580371912072 -5.2669260765990575 -5.265544491382807 -5.26561440227975 -5.265704767007506 -5.265704935515669 -5.265615645465637 -5.2655471306078585 -5.266929899749297
 -5.272584497201583 -5.26238608443988 -0.33085174388536975 -0.33085424669429164 -0.3304823611427969 -0.3290244656403528 -0.3304813589401713 -0.33048019096722536 -0.3300386784094585 -0.3300389470380899
 -0.32931026436605565 -0.3293096353193792 -0.3290240860704027 -0.3289701981352958 -0.3289696627789167 -0.32895466837999576 -0.32895417307080693 -0.328954610712036 -0.32895417199766 -0.3289697712616927
 -0.32897006027713066 -0.32902463917307534 -0.3290241208024758 -0.32930993855799046 -0.32930983020830645 -0.33003884743486556 -0.3300383215106315 -0.33048256326792586
time for Ej, Ek: 3.50325

tot Energy = -469.6902203686
SCF Energy = -469.6902203689
Err of totE =    0.0000000003
OK
C 1   -37.9975611134
C 2   -37.9816742788
C 3   -37.9680203563
C 4   -37.9695490987
C 5   -37.9697632084
C 6   -37.9698808346
C 7   -37.9698806646
C 8   -37.9697629540
C 9   -37.9695486940
C 10   -37.9680197034
C 11   -37.9816756378
C 12   -37.9975597709
H 13    -0.5403077707
H 14    -0.5403081317
H 15    -0.5403656444
H 16    -0.5369639501
H 17    -0.5403655401
H 18    -0.5403649044
H 19    -0.5361808559
H 20    -0.5361808585
H 21    -0.5366501427
H 22    -0.5366495669
H 23    -0.5369636111
H 24    -0.5369998641
H 25    -0.5369989961
H 26    -0.5370175032
H 27    -0.5370172376
H 28    -0.5370179233
H 29    -0.5370169818
H 30    -0.5369993581
H 31    -0.5369996798
H 32    -0.5369642884
H 33    -0.5369635611
H 34    -0.5366500634
H 35    -0.5366497411
H 36    -0.5361815121
H 37    -0.5361808551
H 38    -0.5403655123
