overwrite output file: 1-pyscf.log
mol._atm= [[ 6 20  1 23  0  0]
 [ 1 24  1 27  0  0]
 [ 1 28  1 31  0  0]
 [ 1 32  1 35  0  0]
 [ 6 36  1 39  0  0]
 [ 1 40  1 43  0  0]
 [ 1 44  1 47  0  0]
 [ 1 48  1 51  0  0]] 8
mol._bas= [[ 0  0  3  1  0 52 55  0]
 [ 0  0  3  1  0 58 61  0]
 [ 0  1  3  1  0 64 67  0]
 [ 1  0  3  1  0 70 73  0]
 [ 2  0  3  1  0 70 73  0]
 [ 3  0  3  1  0 70 73  0]
 [ 4  0  3  1  0 52 55  0]
 [ 4  0  3  1  0 58 61  0]
 [ 4  1  3  1  0 64 67  0]
 [ 5  0  3  1  0 70 73  0]
 [ 6  0  3  1  0 70 73  0]
 [ 7  0  3  1  0 70 73  0]] 12
mol._env= [ 1.37036000e+02  0.00000000e+00  0.00000000e+00  0.00000000e+00
  0.00000000e+00  0.00000000e+00  0.00000000e+00  0.00000000e+00
  0.00000000e+00  0.00000000e+00  0.00000000e+00  0.00000000e+00
  0.00000000e+00  0.00000000e+00  0.00000000e+00  0.00000000e+00
  0.00000000e+00  0.00000000e+00  0.00000000e+00  0.00000000e+00
 -5.19608247e+00 -2.27226070e+00 -2.97455175e-02  0.00000000e+00
 -4.52210328e+00 -4.17863531e+00 -2.97455175e-02  0.00000000e+00
 -4.52206849e+00 -1.31908626e+00 -1.68070760e+00  0.00000000e+00
 -7.21808942e+00 -2.27223579e+00 -2.97455175e-02  0.00000000e+00
 -4.22600627e+00 -9.00402172e-01  2.34640550e+00  0.00000000e+00
 -2.20400273e+00 -9.03628048e-01  2.34825432e+00  0.00000000e+00
 -4.89696592e+00  1.00703639e+00  2.34455850e+00  0.00000000e+00
 -4.90303648e+00 -1.85144084e+00  3.99736511e+00  0.00000000e+00
  7.16168370e+01  1.30450960e+01  3.53051220e+00  9.59895231e+00
  9.28368844e+00  2.89332026e+00  2.94124940e+00  6.83483100e-01
  2.22289900e-01 -5.67246169e-01  7.58737573e-01  5.72630527e-01
  2.94124940e+00  6.83483100e-01  2.22289900e-01  1.75202641e+00
  1.10172125e+00  1.74531137e-01  3.42525091e+00  6.23913730e-01
  1.68855400e-01  9.81706749e-01  9.49464008e-01  2.95906454e-01] 76
pyscf_time= 0.13585186004638672
nao= 16
nbas= 12
combination-time= 1.1349380016326904
T2-T1= 0.02822589874267578
Run total time 1.2990849018096924
atom_ej= [ 28.40202092   3.89203177   3.82491399   3.75783032  29.51323397
   3.82789265   3.76080881   3.69369127 137.73248228]
atom_ek= [ -5.25892     -0.34170257  -0.34170256  -0.34170257  -5.25891999
  -0.34170256  -0.34170256  -0.34170256 -31.14282706]
Atom_energy= [23.14310092  3.5503292   3.48321143  3.41612775 24.25431397  3.48619009
  3.41910625  3.35198871]
timeTot= 1.3033368587493896
Hello wolrd
 int2e       18496
 time   0.0000000000000000               28
