overwrite output file: 1-pyscf.log
mol._atm= [[ 6 20  1 23  0  0]
 [ 1 24  1 27  0  0]
 [ 1 28  1 31  0  0]
 [ 1 32  1 35  0  0]
 [ 6 36  1 39  0  0]
 [ 1 40  1 43  0  0]
 [ 1 44  1 47  0  0]
 [ 1 48  1 51  0  0]] 8
mol._bas= [[ 0  0  3  1  0 58 61  0]
 [ 0  0  3  1  0 64 67  0]
 [ 0  1  3  1  0 70 73  0]
 [ 1  0  3  1  0 52 55  0]
 [ 2  0  3  1  0 52 55  0]
 [ 3  0  3  1  0 52 55  0]
 [ 4  0  3  1  0 58 61  0]
 [ 4  0  3  1  0 64 67  0]
 [ 4  1  3  1  0 70 73  0]
 [ 5  0  3  1  0 52 55  0]
 [ 6  0  3  1  0 52 55  0]
 [ 7  0  3  1  0 52 55  0]] 12
mol._env= [ 1.37036000e+02  0.00000000e+00  0.00000000e+00  0.00000000e+00
  0.00000000e+00  0.00000000e+00  0.00000000e+00  0.00000000e+00
  0.00000000e+00  0.00000000e+00  0.00000000e+00  0.00000000e+00
  0.00000000e+00  0.00000000e+00  0.00000000e+00  0.00000000e+00
  0.00000000e+00  0.00000000e+00  0.00000000e+00  0.00000000e+00
 -5.19608247e+00 -2.27226070e+00 -2.97455175e-02  0.00000000e+00
 -4.52210328e+00 -4.17863531e+00 -2.97455175e-02  0.00000000e+00
 -4.52206849e+00 -1.31908626e+00 -1.68070760e+00  0.00000000e+00
 -7.21808942e+00 -2.27223579e+00 -2.97455175e-02  0.00000000e+00
 -4.22600627e+00 -9.00402172e-01  2.34640550e+00  0.00000000e+00
 -2.20400273e+00 -9.03628048e-01  2.34825432e+00  0.00000000e+00
 -4.89696592e+00  1.00703639e+00  2.34455850e+00  0.00000000e+00
 -4.90303648e+00 -1.85144084e+00  3.99736511e+00  0.00000000e+00
  3.42525091e+00  6.23913730e-01  1.68855400e-01  9.81706749e-01
  9.49464008e-01  2.95906454e-01  7.16168370e+01  1.30450960e+01
  3.53051220e+00  9.59895231e+00  9.28368844e+00  2.89332026e+00
  2.94124940e+00  6.83483100e-01  2.22289900e-01 -5.67246169e-01
  7.58737573e-01  5.72630527e-01  2.94124940e+00  6.83483100e-01
  2.22289900e-01  1.75202641e+00  1.10172125e+00  1.74531137e-01] 76
pyscf_time= 0.15977191925048828
nao= 16
nbas= 12
combination-time= 1.3180835247039795
T2-T1= 0.030963897705078125
Run total time 1.50895094871521
atom_ej= [ 29.99456668   3.44721517   3.447215     3.4472151   29.99456652
   3.44721511   3.44721508   3.44721503 131.02358541]
atom_ek= [ -5.23434228  -0.34241466  -0.34241465  -0.34241466  -5.23434227
  -0.34241465  -0.34241465  -0.34241465 -30.01834697]
Atom_energy= [24.76022441  3.10480052  3.10480034  3.10480045 24.76022425  3.10480045
  3.10480043  3.10480038]
timeTot= 1.5123257637023926
Hello wolrd
 int2e           0
 time   0.0000000000000000               30
