overwrite output file: h2-pyscf.log
mol._atm= [[ 1 20  1 23  0  0]
 [ 1 24  1 27  0  0]] 2
mol._bas= [[ 0  0  3  1  0 28 31  0]
 [ 1  0  3  1  0 28 31  0]] 2
mol._env= [137.03599968   0.           0.           0.           0.
   0.           0.           0.           0.           0.
   0.           0.           0.           0.           0.
   0.           0.           0.           0.           0.
   0.           0.           0.           0.           0.
   0.           0.99966512   0.           3.42525091   0.62391373
   0.1688554    0.98170675   0.94946401   0.29590645] 34
pyscf_time= 0.09422826766967773
nao= 2
nbas= 2
combination-time= 0.03553271293640137
T2-T1= 0.00039005279541015625
Run total time 0.1301729679107666
atom_ej= [0.68439248 0.68439248 1.84869513]
atom_ek= [-0.35723567 -0.35723567 -0.95442643]
Atom_energy= [0.32715681 0.32715681]
timeTot= 0.13096356391906738
Hello wolrd
           1           1           1           1           1  -5.9988772696944130E-002
           2           1           1           1           2  -2.2031600833051366E-002
           1           1           2           1           2  -2.2031600833051352E-002
           2           1           2           1           2  -1.7659109723150334E-002
           1           2           1           1           2  -2.2031600833051359E-002
           2           2           1           1           2  -1.7659109723150331E-002
           1           2           2           1           2  -2.5178824953012130E-002
           2           2           2           1           2  -2.2031600833051345E-002
           1           1           1           2           2  -2.2031600833051359E-002
           2           1           1           2           2  -2.5178824953012130E-002
           1           1           2           2           2  -1.7659109723150331E-002
           2           1           2           2           2  -2.2031600833051342E-002
           1           2           1           2           2  -1.7659109723150334E-002
           2           2           1           2           2  -2.2031600833051342E-002
           1           2           2           2           2  -2.2031600833051349E-002
           2           2           2           2           1  -5.9988772696944075E-002
 int2e           0
 time   0.0000000000000000                1
